8/23/2025, 7:53:15 PM CST 0: 

----------------------------------------------
8/23/2025, 7:53:15 PM CST 1: Discord starting: {"releaseChannel":"stable","version":"0.0.106"}, modulepath: /home/choungion/.config/discord/0.0.106/modules
8/23/2025, 7:53:15 PM CST 2: ✅ webContents.created web1 ""
8/23/2025, 7:53:15 PM CST 3: ✅ window.created win1 "discord"
8/23/2025, 7:53:15 PM CST 4: ✅ webContents.did-finish-load web1
8/23/2025, 7:53:22 PM CST 5: ✅ webContents.created web2 ""
8/23/2025, 7:53:22 PM CST 6: ✅ window.created win2 "Discord"
8/23/2025, 7:53:24 PM CST 7: ✅ webContents.did-finish-load web2
8/23/2025, 7:53:25 PM CST 8: window.close win1
8/23/2025, 7:53:25 PM CST 9: webContents.destroyed web1
8/23/2025, 7:53:25 PM CST 10: window.closed win1
8/23/2025, 7:54:09 PM CST 11: window.close win2
8/23/2025, 7:54:12 PM CST 12: before-quit
8/23/2025, 7:54:12 PM CST 13: window.close win2
8/23/2025, 7:54:14 PM CST 14: window.closed win2
8/23/2025, 8:06:43 PM CST 0: 

----------------------------------------------
8/23/2025, 8:06:43 PM CST 1: Discord starting: {"releaseChannel":"stable","version":"0.0.106"}, modulepath: /home/choungion/.config/discord/0.0.106/modules
8/23/2025, 8:06:43 PM CST 2: ✅ webContents.created web1 ""
8/23/2025, 8:06:43 PM CST 3: ✅ window.created win1 "discord"
8/23/2025, 8:06:44 PM CST 4: ✅ webContents.did-finish-load web1
8/23/2025, 8:06:44 PM CST 5: ✅ webContents.created web2 ""
8/23/2025, 8:06:44 PM CST 6: ✅ window.created win2 "Discord"
8/23/2025, 8:06:47 PM CST 7: ✅ webContents.did-finish-load web2
8/23/2025, 8:06:50 PM CST 8: window.close win1
8/23/2025, 8:06:50 PM CST 9: webContents.destroyed web1
8/23/2025, 8:06:50 PM CST 10: window.closed win1
8/23/2025, 8:07:07 PM CST 11: window.close win2
8/23/2025, 8:12:53 PM CST 12: before-quit
8/23/2025, 8:12:53 PM CST 13: window.close win2
8/23/2025, 8:12:53 PM CST 14: ❌ child-process-gone {
  type: 'Utility',
  reason: 'killed',
  exitCode: 15,
  serviceName: 'audio.mojom.AudioService',
  name: 'Audio Service'
}
8/23/2025, 8:12:53 PM CST 15: ❌ child-process-gone {
  type: 'Utility',
  reason: 'killed',
  exitCode: 15,
  serviceName: 'video_capture.mojom.VideoCaptureService',
  name: 'Video Capture'
}
8/23/2025, 8:12:53 PM CST 16: ❌ child-process-gone {
  type: 'Utility',
  reason: 'killed',
  exitCode: 15,
  serviceName: 'network.mojom.NetworkService',
  name: 'Network Service'
}
8/23/2025, 8:12:53 PM CST 17: ❌ render-process-gone { reason: 'killed', exitCode: 15 }
